{"level":"INFO","message":"[7:05:01.700 AM]: Trying to initialize Easy Logging"}
{"level":"INFO","message":"[7:05:01.729 AM]: No client config file found in default directories"}
{"level":"INFO","message":"[7:05:01.730 AM]: Easy Logging is disabled as no config has been found"}
{"level":"INFO","message":"[8:55:40.480 AM]: Trying to initialize Easy Logging"}
{"level":"INFO","message":"[8:55:40.489 AM]: No client config file found in default directories"}
{"level":"INFO","message":"[8:55:40.490 AM]: Easy Logging is disabled as no config has been found"}
{"level":"INFO","message":"[3:42:19.023 PM]: Trying to initialize Easy Logging"}
{"level":"INFO","message":"[3:42:19.037 PM]: Trying to initialize Easy Logging"}
{"level":"INFO","message":"[3:42:19.038 PM]: Trying to initialize Easy Logging"}
{"level":"INFO","message":"[3:42:19.038 PM]: Trying to initialize Easy Logging"}
{"level":"INFO","message":"[3:42:19.038 PM]: Trying to initialize Easy Logging"}
{"level":"INFO","message":"[3:42:19.042 PM]: No client config file found in default directories"}
{"level":"INFO","message":"[3:42:19.043 PM]: Easy Logging is disabled as no config has been found"}
{"level":"INFO","message":"[3:42:19.053 PM]: No client config file found in default directories"}
{"level":"INFO","message":"[3:42:19.053 PM]: Easy Logging is disabled as no config has been found"}
{"level":"INFO","message":"[3:42:19.057 PM]: No client config file found in default directories"}
{"level":"INFO","message":"[3:42:19.057 PM]: Easy Logging is disabled as no config has been found"}
{"level":"INFO","message":"[3:42:19.060 PM]: No client config file found in default directories"}
{"level":"INFO","message":"[3:42:19.060 PM]: Easy Logging is disabled as no config has been found"}
{"level":"INFO","message":"[3:42:19.070 PM]: No client config file found in default directories"}
{"level":"INFO","message":"[3:42:19.070 PM]: Easy Logging is disabled as no config has been found"}
{"level":"INFO","message":"[3:52:13.136 PM]: Trying to initialize Easy Logging"}
{"level":"INFO","message":"[3:52:13.145 PM]: Trying to initialize Easy Logging"}
{"level":"INFO","message":"[3:52:13.146 PM]: Trying to initialize Easy Logging"}
{"level":"INFO","message":"[3:52:13.146 PM]: Trying to initialize Easy Logging"}
{"level":"INFO","message":"[3:52:13.147 PM]: Trying to initialize Easy Logging"}
{"level":"INFO","message":"[3:52:13.149 PM]: No client config file found in default directories"}
{"level":"INFO","message":"[3:52:13.149 PM]: Easy Logging is disabled as no config has been found"}
{"level":"INFO","message":"[3:52:13.158 PM]: No client config file found in default directories"}
{"level":"INFO","message":"[3:52:13.159 PM]: Easy Logging is disabled as no config has been found"}
{"level":"INFO","message":"[3:52:13.162 PM]: No client config file found in default directories"}
{"level":"INFO","message":"[3:52:13.162 PM]: Easy Logging is disabled as no config has been found"}
{"level":"INFO","message":"[3:52:13.164 PM]: No client config file found in default directories"}
{"level":"INFO","message":"[3:52:13.164 PM]: Easy Logging is disabled as no config has been found"}
{"level":"INFO","message":"[3:52:13.166 PM]: No client config file found in default directories"}
{"level":"INFO","message":"[3:52:13.166 PM]: Easy Logging is disabled as no config has been found"}
